1756108749: mosquitto version 2.0.22 starting
1756108749: Config loaded from /mosquitto/config/mosquitto.conf.
1756108749: Opening ipv4 listen socket on port 1883.
1756108749: Opening ipv6 listen socket on port 1883.
1756108749: Opening websockets listen socket on port 9001.
1756108749: mosquitto version 2.0.22 running
1756108830: mosquitto version 2.0.22 terminating
1756108830: Saving in-memory database to /mosquitto/data//mosquitto.db.
1756108841: mosquitto version 2.0.22 starting
1756108841: Config loaded from /mosquitto/config/mosquitto.conf.
1756108841: Opening ipv4 listen socket on port 1883.
1756108841: Opening ipv6 listen socket on port 1883.
1756108841: Opening websockets listen socket on port 9001.
1756108841: mosquitto version 2.0.22 running
1756108876: New connection from ::1:46020 on port 1883.
1756108876: New client connected from ::1:46020 as auto-22CA8BB1-1A0E-06F1-15C6-AFA762A36846 (p2, c1, k60).
1756108884: New connection from ::1:50990 on port 1883.
1756108884: New client connected from ::1:50990 as auto-E0941906-3E75-C596-BE04-C90E42D0269C (p2, c1, k60).
1756108884: Client auto-E0941906-3E75-C596-BE04-C90E42D0269C disconnected.
1756108911: New connection from ::1:46964 on port 1883.
1756108911: New client connected from ::1:46964 as auto-03E6ED3F-30DE-17C2-9D96-5BE9382FABD8 (p2, c1, k60).
1756108911: Client auto-03E6ED3F-30DE-17C2-9D96-5BE9382FABD8 disconnected.
1756108922: Client auto-22CA8BB1-1A0E-06F1-15C6-AFA762A36846 disconnected.
1756114785: Saving in-memory database to /mosquitto/data//mosquitto.db.
1756123618: Saving in-memory database to /mosquitto/data//mosquitto.db.
1756132470: Saving in-memory database to /mosquitto/data//mosquitto.db.
1756134600: Saving in-memory database to /mosquitto/data//mosquitto.db.
1756215814: mosquitto version 2.0.22 starting
1756215814: Config loaded from /mosquitto/config/mosquitto.conf.
1756215814: Opening ipv4 listen socket on port 1883.
1756215814: Opening ipv6 listen socket on port 1883.
1756215814: Opening websockets listen socket on port 9001.
1756215814: mosquitto version 2.0.22 running
1756220150: mosquitto version 2.0.22 terminating
1756220150: Saving in-memory database to /mosquitto/data//mosquitto.db.
